time="2022-09-01T15:41:44+09:00" level=debug msg="OpenShift Installer 4.10.13"
time="2022-09-01T15:41:44+09:00" level=debug msg="Built from commit ed025ee9ca62dd3fb7f7f7eaff9c90fd1a011fe2"
time="2022-09-01T15:41:44+09:00" level=debug msg="Fetching Kubeconfig Admin Client..."
time="2022-09-01T15:41:44+09:00" level=debug msg="Loading Kubeconfig Admin Client..."
time="2022-09-01T15:41:44+09:00" level=debug msg="  Loading Certificate (admin-kubeconfig-client)..."
time="2022-09-01T15:41:44+09:00" level=debug msg="    Loading Certificate (admin-kubeconfig-signer)..."
time="2022-09-01T15:41:44+09:00" level=debug msg="  Loading Certificate (kube-apiserver-complete-server-ca-bundle)..."
time="2022-09-01T15:41:44+09:00" level=debug msg="    Loading Certificate (kube-apiserver-localhost-ca-bundle)..."
time="2022-09-01T15:41:44+09:00" level=debug msg="      Loading Certificate (kube-apiserver-localhost-signer)..."
time="2022-09-01T15:41:44+09:00" level=debug msg="    Loading Certificate (kube-apiserver-service-network-ca-bundle)..."
time="2022-09-01T15:41:44+09:00" level=debug msg="      Loading Certificate (kube-apiserver-service-network-signer)..."
time="2022-09-01T15:41:44+09:00" level=debug msg="    Loading Certificate (kube-apiserver-lb-ca-bundle)..."
time="2022-09-01T15:41:44+09:00" level=debug msg="      Loading Certificate (kube-apiserver-lb-signer)..."
time="2022-09-01T15:41:44+09:00" level=debug msg="  Loading Install Config..."
time="2022-09-01T15:41:44+09:00" level=debug msg="    Loading SSH Key..."
time="2022-09-01T15:41:44+09:00" level=debug msg="    Loading Base Domain..."
time="2022-09-01T15:41:44+09:00" level=debug msg="      Loading Platform..."
time="2022-09-01T15:41:44+09:00" level=debug msg="    Loading Cluster Name..."
time="2022-09-01T15:41:44+09:00" level=debug msg="      Loading Base Domain..."
time="2022-09-01T15:41:44+09:00" level=debug msg="      Loading Platform..."
time="2022-09-01T15:41:44+09:00" level=debug msg="    Loading Networking..."
time="2022-09-01T15:41:44+09:00" level=debug msg="      Loading Platform..."
time="2022-09-01T15:41:44+09:00" level=debug msg="    Loading Pull Secret..."
time="2022-09-01T15:41:44+09:00" level=debug msg="    Loading Platform..."
time="2022-09-01T15:41:44+09:00" level=debug msg="  Fetching Certificate (admin-kubeconfig-client)..."
time="2022-09-01T15:41:44+09:00" level=debug msg="    Fetching Certificate (admin-kubeconfig-signer)..."
time="2022-09-01T15:41:44+09:00" level=debug msg="    Generating Certificate (admin-kubeconfig-signer)..."
time="2022-09-01T15:41:44+09:00" level=debug msg="  Generating Certificate (admin-kubeconfig-client)..."
time="2022-09-01T15:41:44+09:00" level=debug msg="  Fetching Certificate (kube-apiserver-complete-server-ca-bundle)..."
time="2022-09-01T15:41:44+09:00" level=debug msg="    Fetching Certificate (kube-apiserver-localhost-ca-bundle)..."
time="2022-09-01T15:41:44+09:00" level=debug msg="      Fetching Certificate (kube-apiserver-localhost-signer)..."
time="2022-09-01T15:41:44+09:00" level=debug msg="      Generating Certificate (kube-apiserver-localhost-signer)..."
time="2022-09-01T15:41:44+09:00" level=debug msg="    Generating Certificate (kube-apiserver-localhost-ca-bundle)..."
time="2022-09-01T15:41:44+09:00" level=debug msg="    Fetching Certificate (kube-apiserver-service-network-ca-bundle)..."
time="2022-09-01T15:41:44+09:00" level=debug msg="      Fetching Certificate (kube-apiserver-service-network-signer)..."
time="2022-09-01T15:41:44+09:00" level=debug msg="      Generating Certificate (kube-apiserver-service-network-signer)..."
time="2022-09-01T15:41:44+09:00" level=debug msg="    Generating Certificate (kube-apiserver-service-network-ca-bundle)..."
time="2022-09-01T15:41:44+09:00" level=debug msg="    Fetching Certificate (kube-apiserver-lb-ca-bundle)..."
time="2022-09-01T15:41:44+09:00" level=debug msg="      Fetching Certificate (kube-apiserver-lb-signer)..."
time="2022-09-01T15:41:44+09:00" level=debug msg="      Generating Certificate (kube-apiserver-lb-signer)..."
time="2022-09-01T15:41:45+09:00" level=debug msg="    Generating Certificate (kube-apiserver-lb-ca-bundle)..."
time="2022-09-01T15:41:45+09:00" level=debug msg="  Generating Certificate (kube-apiserver-complete-server-ca-bundle)..."
time="2022-09-01T15:41:45+09:00" level=debug msg="  Fetching Install Config..."
time="2022-09-01T15:41:45+09:00" level=debug msg="    Fetching SSH Key..."
time="2022-09-01T15:41:45+09:00" level=debug msg="    Generating SSH Key..."
time="2022-09-01T15:41:45+09:00" level=fatal msg="failed to fetch Kubeconfig Admin Client: failed to fetch dependency of \"Kubeconfig Admin Client\": failed to fetch dependency of \"Install Config\": failed to generate asset \"SSH Key\": failed UserInput: interrupt"
